2013/10/08 10:35:42 [error] [exception.CHttpException.404] exception 'CHttpException' with message 'Unable to resolve the request "media/images/activemenubg.gif".' in /var/www/nbi_cms/yii/web/CWebApplication.php:286
Stack trace:
#0 /var/www/nbi_cms/yii/web/CWebApplication.php(141): CWebApplication->runController('media/images/ac...')
#1 /var/www/nbi_cms/yii/base/CApplication.php(169): CWebApplication->processRequest()
#2 /var/www/nbi_cms/index.php(13): CApplication->run()
#3 {main}
REQUEST_URI=/nbi_cms/media/images/activemenubg.gif
HTTP_REFERER=http://localhost/nbi_cms/media/admin/style3.css
---
2013/10/08 10:35:44 [error] [exception.CHttpException.404] exception 'CHttpException' with message 'Unable to resolve the request "media/javascripts/jquery.js".' in /var/www/nbi_cms/yii/web/CWebApplication.php:286
Stack trace:
#0 /var/www/nbi_cms/yii/web/CWebApplication.php(141): CWebApplication->runController('media/javascrip...')
#1 /var/www/nbi_cms/yii/base/CApplication.php(169): CWebApplication->processRequest()
#2 /var/www/nbi_cms/index.php(13): CApplication->run()
#3 {main}
REQUEST_URI=/nbi_cms/media/javascripts/jquery.js
HTTP_REFERER=http://localhost/nbi_cms/admin/ListPages
---
2013/10/08 10:35:45 [error] [exception.CHttpException.404] exception 'CHttpException' with message 'Unable to resolve the request "media/images/nav_li_bg.gif".' in /var/www/nbi_cms/yii/web/CWebApplication.php:286
Stack trace:
#0 /var/www/nbi_cms/yii/web/CWebApplication.php(141): CWebApplication->runController('media/images/na...')
#1 /var/www/nbi_cms/yii/base/CApplication.php(169): CWebApplication->processRequest()
#2 /var/www/nbi_cms/index.php(13): CApplication->run()
#3 {main}
REQUEST_URI=/nbi_cms/media/images/nav_li_bg.gif
HTTP_REFERER=http://localhost/nbi_cms/media/admin/style3.css
---
2013/10/08 10:35:48 [error] [exception.CHttpException.404] exception 'CHttpException' with message 'Unable to resolve the request "media/javascripts/jquery.js".' in /var/www/nbi_cms/yii/web/CWebApplication.php:286
Stack trace:
#0 /var/www/nbi_cms/yii/web/CWebApplication.php(141): CWebApplication->runController('media/javascrip...')
#1 /var/www/nbi_cms/yii/base/CApplication.php(169): CWebApplication->processRequest()
#2 /var/www/nbi_cms/index.php(13): CApplication->run()
#3 {main}
REQUEST_URI=/nbi_cms/media/javascripts/jquery.js
HTTP_REFERER=http://localhost/nbi_cms/admin/ListPages
---
2013/10/08 10:35:48 [error] [exception.CHttpException.404] exception 'CHttpException' with message 'Unable to resolve the request "media/images/nav_li_bg.gif".' in /var/www/nbi_cms/yii/web/CWebApplication.php:286
Stack trace:
#0 /var/www/nbi_cms/yii/web/CWebApplication.php(141): CWebApplication->runController('media/images/na...')
#1 /var/www/nbi_cms/yii/base/CApplication.php(169): CWebApplication->processRequest()
#2 /var/www/nbi_cms/index.php(13): CApplication->run()
#3 {main}
REQUEST_URI=/nbi_cms/media/images/nav_li_bg.gif
HTTP_REFERER=http://localhost/nbi_cms/media/admin/style3.css
---
2013/10/08 10:35:50 [error] [exception.CHttpException.404] exception 'CHttpException' with message 'Unable to resolve the request "media/javascripts/jquery.js".' in /var/www/nbi_cms/yii/web/CWebApplication.php:286
Stack trace:
#0 /var/www/nbi_cms/yii/web/CWebApplication.php(141): CWebApplication->runController('media/javascrip...')
#1 /var/www/nbi_cms/yii/base/CApplication.php(169): CWebApplication->processRequest()
#2 /var/www/nbi_cms/index.php(13): CApplication->run()
#3 {main}
REQUEST_URI=/nbi_cms/media/javascripts/jquery.js
HTTP_REFERER=http://localhost/nbi_cms/admin/ListPages
---
2013/10/08 10:35:50 [error] [exception.CHttpException.404] exception 'CHttpException' with message 'Unable to resolve the request "media/images/nav_li_bg.gif".' in /var/www/nbi_cms/yii/web/CWebApplication.php:286
Stack trace:
#0 /var/www/nbi_cms/yii/web/CWebApplication.php(141): CWebApplication->runController('media/images/na...')
#1 /var/www/nbi_cms/yii/base/CApplication.php(169): CWebApplication->processRequest()
#2 /var/www/nbi_cms/index.php(13): CApplication->run()
#3 {main}
REQUEST_URI=/nbi_cms/media/images/nav_li_bg.gif
HTTP_REFERER=http://localhost/nbi_cms/media/admin/style3.css
---
2013/10/08 12:13:25 [error] [exception.CDbException] exception 'CDbException' with message 'CDbConnection failed to open the DB connection: SQLSTATE[42000] [1049] Unknown database 'nbi'' in /var/www/nbi/yii/db/CDbConnection.php:381
Stack trace:
#0 /var/www/nbi/yii/db/CDbConnection.php(330): CDbConnection->open()
#1 /var/www/nbi/yii/db/CDbConnection.php(308): CDbConnection->setActive(true)
#2 /var/www/nbi/yii/base/CModule.php(387): CDbConnection->init()
#3 /var/www/nbi/yii/base/CModule.php(103): CModule->getComponent('db')
#4 /var/www/nbi/yii/gii/generators/model/ModelCode.php(57): CModule->__get('db')
#5 /var/www/nbi/yii/web/CFormModel.php(39): ModelCode->init()
#6 /var/www/nbi/yii/gii/CCodeGenerator.php(153): CFormModel->__construct()
#7 /var/www/nbi/yii/gii/CCodeGenerator.php(63): CCodeGenerator->prepare()
#8 /var/www/nbi/yii/web/actions/CInlineAction.php(49): CCodeGenerator->actionIndex()
#9 /var/www/nbi/yii/web/CController.php(308): CInlineAction->runWithParams(Array)
#10 /var/www/nbi/yii/web/CController.php(286): CController->runAction(Object(CInlineAction))
#11 /var/www/nbi/yii/web/CController.php(265): CController->runActionWithFilters(Object(CInlineAction), Array)
#12 /var/www/nbi/yii/web/CWebApplication.php(282): CController->run('')
#13 /var/www/nbi/yii/web/CWebApplication.php(141): CWebApplication->runController('gii/model')
#14 /var/www/nbi/yii/base/CApplication.php(169): CWebApplication->processRequest()
#15 /var/www/nbi/index.php(13): CApplication->run()
#16 {main}
REQUEST_URI=/nbi/gii/model
HTTP_REFERER=http://localhost/nbi/gii/default/index
---
2013/10/08 12:53:59 [error] [system.db.CDbCommand] CDbCommand::fetchAll() failed: SQLSTATE[42S02]: Base table or view not found: 1146 Table 'nbi.tbl_migration' doesn't exist. The SQL statement executed was: SHOW FULL COLUMNS FROM `tbl_migration`.
